[33m[nodemon] 1.12.1[39m
[33m[nodemon] to restart at any time, enter `rs`[39m
[33m[nodemon] watching: *.*[39m
[32m[nodemon] starting `node server.js`[39m
events.js:182
      throw er; // Unhandled 'error' event
      ^

Error: EBADF: bad file descriptor, read
hairpin 1.0
Server ready at http://0.0.0.0:4337
Connected to mongod server
[33m[nodemon] 1.12.1[39m
[33m[nodemon] to restart at any time, enter `rs`[39m
[33m[nodemon] watching: *.*[39m
[32m[nodemon] starting `node server.js`[39m
hairpin 1.0
Server ready at http://0.0.0.0:4337
Connected to mongod server
[32m[nodemon] restarting due to changes...[39m
[32m[nodemon] starting `node server.js`[39m
hairpin 1.0
Server ready at http://0.0.0.0:4337
Connected to mongod server
[32m[nodemon] restarting due to changes...[39m
[32m[nodemon] starting `node server.js`[39m
[32m[nodemon] restarting due to changes...[39m
[32m[nodemon] starting `node server.js`[39m
[32m[nodemon] restarting due to changes...[39m
[32m[nodemon] starting `node server.js`[39m
hairpin 1.0
[31m[nodemon] app crashed - waiting for file changes before starting...[39m
[32m[nodemon] restarting due to changes...[39m
[32m[nodemon] starting `node server.js`[39m
hairpin 1.0
[31m[nodemon] app crashed - waiting for file changes before starting...[39m
[32m[nodemon] restarting due to changes...[39m
[32m[nodemon] starting `node server.js`[39m
hairpin 1.0
Server ready at http://0.0.0.0:4337
Connected to mongod server
[32m[nodemon] restarting due to changes...[39m
[32m[nodemon] starting `node server.js`[39m
hairpin 1.0
Server ready at http://0.0.0.0:4337
Connected to mongod server
[32m[nodemon] restarting due to changes...[39m
[32m[nodemon] starting `node server.js`[39m
[32m[nodemon] restarting due to changes...[39m
[32m[nodemon] starting `node server.js`[39m
hairpin 1.0
Server ready at http://0.0.0.0:4337
Connected to mongod server
[32m[nodemon] restarting due to changes...[39m
[32m[nodemon] starting `node server.js`[39m
hairpin 1.0
Server ready at http://0.0.0.0:4337
Connected to mongod server
[32m[nodemon] restarting due to changes...[39m
[32m[nodemon] starting `node server.js`[39m
hairpin 1.0
Server ready at http://0.0.0.0:4337
Connected to mongod server
[32m[nodemon] restarting due to changes...[39m
[32m[nodemon] starting `node server.js`[39m
[32m[nodemon] restarting due to changes...[39m
[32m[nodemon] starting `node server.js`[39m
hairpin 1.0
[31m[nodemon] app crashed - waiting for file changes before starting...[39m
[32m[nodemon] restarting due to changes...[39m
[32m[nodemon] starting `node server.js`[39m
[32m[nodemon] restarting due to changes...[39m
[32m[nodemon] starting `node server.js`[39m
hairpin 1.0
[31m[nodemon] app crashed - waiting for file changes before starting...[39m
[32m[nodemon] restarting due to changes...[39m
[32m[nodemon] starting `node server.js`[39m
hairpin 1.0
[31m[nodemon] app crashed - waiting for file changes before starting...[39m
[32m[nodemon] restarting due to changes...[39m
[32m[nodemon] starting `node server.js`[39m
hairpin 1.0
[31m[nodemon] app crashed - waiting for file changes before starting...[39m
[32m[nodemon] restarting due to changes...[39m
[32m[nodemon] starting `node server.js`[39m
[32m[nodemon] restarting due to changes...[39m
[32m[nodemon] starting `node server.js`[39m
hairpin 1.0
Server ready at http://0.0.0.0:4337
Connected to mongod server
[32m[nodemon] restarting due to changes...[39m
[32m[nodemon] starting `node server.js`[39m
hairpin 1.0
Server ready at http://0.0.0.0:4337
Connected to mongod server
[32m[nodemon] restarting due to changes...[39m
[32m[nodemon] starting `node server.js`[39m
hairpin 1.0
Server ready at http://0.0.0.0:4337
Connected to mongod server
[32m[nodemon] restarting due to changes...[39m
[32m[nodemon] starting `node server.js`[39m
hairpin 1.0
Server ready at http://0.0.0.0:4337
Connected to mongod server
[32m[nodemon] restarting due to changes...[39m
[32m[nodemon] starting `node server.js`[39m
hairpin 1.0
Server ready at http://0.0.0.0:4337
Connected to mongod server
[32m[nodemon] restarting due to changes...[39m
[32m[nodemon] starting `node server.js`[39m
[32m[nodemon] restarting due to changes...[39m
[32m[nodemon] starting `node server.js`[39m
[32m[nodemon] restarting due to changes...[39m
[32m[nodemon] starting `node server.js`[39m
hairpin 1.0
Server ready at http://0.0.0.0:4337
Connected to mongod server
[32m[nodemon] restarting due to changes...[39m
[32m[nodemon] starting `node server.js`[39m
hairpin 1.0
Server ready at http://0.0.0.0:4337
Connected to mongod server
[31m[nodemon] app crashed - waiting for file changes before starting...[39m
[32m[nodemon] restarting due to changes...[39m
[32m[nodemon] starting `node server.js`[39m
hairpin 1.0
Server ready at http://0.0.0.0:4337
Connected to mongod server
[32m[nodemon] restarting due to changes...[39m
[32m[nodemon] starting `node server.js`[39m
hairpin 1.0
Server ready at http://0.0.0.0:4337
Connected to mongod server
[32m[nodemon] restarting due to changes...[39m
[32m[nodemon] starting `node server.js`[39m
hairpin 1.0
Server ready at http://0.0.0.0:4337
Connected to mongod server
[32m[nodemon] restarting due to changes...[39m
[32m[nodemon] starting `node server.js`[39m
hairpin 1.0
Server ready at http://0.0.0.0:4337
Connected to mongod server
